Using pre-set license
Built from '2021.3/staging' branch; Version is '2021.3.7f1 (24e8595d6d43) revision 2418777'; Using compiler version '192829333'; Build Type 'Release'
OS: 'Windows 10  (10.0.19044) 64bit Professional' Language: 'en' Physical Memory: 65263 MB
BatchMode: 1, IsHumanControllingUs: 0, StartBugReporterOnCrash: 0, Is64bit: 1, IsPro: 1

COMMAND LINE ARGUMENTS:
C:\Program Files\Unity\Editor\Unity.exe
-adb2
-batchMode
-noUpm
-name
AssetImportWorker4
-projectPath
C:/Users/hshin9/Documents/GitHub/Rollaball/Rollaball
-logFile
Logs/AssetImportWorker4.log
-srvPort
62242
Successfully changed project path to: C:/Users/hshin9/Documents/GitHub/Rollaball/Rollaball
C:/Users/hshin9/Documents/GitHub/Rollaball/Rollaball
[UnityMemory] Configuration Parameters - Can be set up in boot.config
    "memorysetup-bucket-allocator-granularity=16"
    "memorysetup-bucket-allocator-bucket-count=8"
    "memorysetup-bucket-allocator-block-size=33554432"
    "memorysetup-bucket-allocator-block-count=8"
    "memorysetup-main-allocator-block-size=16777216"
    "memorysetup-thread-allocator-block-size=16777216"
    "memorysetup-gfx-main-allocator-block-size=16777216"
    "memorysetup-gfx-thread-allocator-block-size=16777216"
    "memorysetup-cache-allocator-block-size=4194304"
    "memorysetup-typetree-allocator-block-size=2097152"
    "memorysetup-profiler-bucket-allocator-granularity=16"
    "memorysetup-profiler-bucket-allocator-bucket-count=8"
    "memorysetup-profiler-bucket-allocator-block-size=33554432"
    "memorysetup-profiler-bucket-allocator-block-count=8"
    "memorysetup-profiler-allocator-block-size=16777216"
    "memorysetup-profiler-editor-allocator-block-size=1048576"
    "memorysetup-temp-allocator-size-main=16777216"
    "memorysetup-job-temp-allocator-block-size=2097152"
    "memorysetup-job-temp-allocator-block-size-background=1048576"
    "memorysetup-job-temp-allocator-reduction-small-platforms=262144"
    "memorysetup-temp-allocator-size-background-worker=32768"
    "memorysetup-temp-allocator-size-job-worker=262144"
    "memorysetup-temp-allocator-size-preload-manager=33554432"
    "memorysetup-temp-allocator-size-nav-mesh-worker=65536"
    "memorysetup-temp-allocator-size-audio-worker=65536"
    "memorysetup-temp-allocator-size-cloud-worker=32768"
    "memorysetup-temp-allocator-size-gi-baking-worker=262144"
    "memorysetup-temp-allocator-size-gfx=262144"
Refreshing native plugins compatible for Editor in 112.90 ms, found 6 plugins.
Preloading 0 native plugins for Editor in 0.00 ms.
Initialize engine version: 2021.3.7f1 (24e8595d6d43)
[Subsystems] Discovering subsystems at path C:/Program Files/Unity/Editor/Data/Resources/UnitySubsystems
[Subsystems] Discovering subsystems at path C:/Users/hshin9/Documents/GitHub/Rollaball/Rollaball/Assets
GfxDevice: creating device client; threaded=0; jobified=0
Direct3D:
    Version:  Direct3D 11.0 [level 11.1]
    Renderer: NVIDIA GeForce RTX 2080 Ti (ID=0x1e04)
    Vendor:   NVIDIA
    VRAM:     11041 MB
    Driver:   31.0.15.2802
Initialize mono
Mono path[0] = 'C:/Program Files/Unity/Editor/Data/Managed'
Mono path[1] = 'C:/Program Files/Unity/Editor/Data/MonoBleedingEdge/lib/mono/unityjit-win32'
Mono config path = 'C:/Program Files/Unity/Editor/Data/MonoBleedingEdge/etc'
Using monoOptions --debugger-agent=transport=dt_socket,embedding=1,server=y,suspend=n,address=127.0.0.1:56104
Begin MonoManager ReloadAssembly
Registering precompiled unity dll's ...
Register platform support module: C:/Program Files/Unity/Editor/Data/PlaybackEngines/AndroidPlayer/UnityEditor.Android.Extensions.dll
Register platform support module: C:/Program Files/Unity/Editor/Data/PlaybackEngines/iOSSupport/UnityEditor.iOS.Extensions.dll
Register platform support module: C:/Program Files/Unity/Editor/Data/PlaybackEngines/WindowsStandaloneSupport/UnityEditor.WindowsStandalone.Extensions.dll
Registered in 0.008214 seconds.
Native extension for WindowsStandalone target not found
[usbmuxd] Start listen thread
[usbmuxd] Listen thread started
Native extension for iOS target not found
Native extension for Android target not found
Refreshing native plugins compatible for Editor in 99.37 ms, found 6 plugins.
Preloading 0 native plugins for Editor in 0.00 ms.
Mono: successfully reloaded assembly
- Completed reload, in  0.668 seconds
Domain Reload Profiling:
	ReloadAssembly (669ms)
		BeginReloadAssembly (76ms)
			ExecutionOrderSort (0ms)
			DisableScriptedObjects (0ms)
			BackupInstance (0ms)
			ReleaseScriptingObjects (0ms)
			CreateAndSetChildDomain (1ms)
		EndReloadAssembly (484ms)
			LoadAssemblies (73ms)
			RebuildTransferFunctionScriptingTraits (0ms)
			SetupTypeCache (103ms)
			ReleaseScriptCaches (0ms)
			RebuildScriptCaches (28ms)
			SetupLoadedEditorAssemblies (303ms)
				LogAssemblyErrors (0ms)
				InitializePlatformSupportModulesInManaged (51ms)
				SetLoadedEditorAssemblies (0ms)
				RefreshPlugins (100ms)
				BeforeProcessingInitializeOnLoad (1ms)
				ProcessInitializeOnLoadAttributes (104ms)
				ProcessInitializeOnLoadMethodAttributes (48ms)
				AfterProcessingInitializeOnLoad (0ms)
				EditorAssembliesLoaded (0ms)
			ExecutionOrderSort2 (0ms)
			AwakeInstancesAfterBackupRestoration (0ms)
Platform modules already initialized, skipping
Registering precompiled user dll's ...
Registered in 0.010381 seconds.
Begin MonoManager ReloadAssembly
Symbol file LoadedFromMemory doesn't match image C:\Users\hshin9\Documents\GitHub\Rollaball\Rollaball\Library\PackageCache\com.unity.visualscripting@1.7.8\Editor\VisualScripting.Core\Dependencies\YamlDotNet\Unity.VisualScripting.YamlDotNet.dll
Symbol file LoadedFromMemory doesn't match image C:\Users\hshin9\Documents\GitHub\Rollaball\Rollaball\Library\PackageCache\com.unity.visualscripting@1.7.8\Editor\VisualScripting.Core\Dependencies\DotNetZip\Unity.VisualScripting.IonicZip.dll
Native extension for WindowsStandalone target not found
Native extension for iOS target not found
Native extension for Android target not found
Refreshing native plugins compatible for Editor in 100.79 ms, found 6 plugins.
Preloading 0 native plugins for Editor in 0.00 ms.
[ScriptCompilation] NOT recompiling all scripts because this is an import worker process. Reason to compile was: Define symbols changed
Package Manager log level set to [2]
Mono: successfully reloaded assembly
- Completed reload, in  1.303 seconds
Domain Reload Profiling:
	ReloadAssembly (1304ms)
		BeginReloadAssembly (116ms)
			ExecutionOrderSort (0ms)
			DisableScriptedObjects (5ms)
			BackupInstance (0ms)
			ReleaseScriptingObjects (0ms)
			CreateAndSetChildDomain (24ms)
		EndReloadAssembly (1069ms)
			LoadAssemblies (98ms)
			RebuildTransferFunctionScriptingTraits (0ms)
			SetupTypeCache (299ms)
			ReleaseScriptCaches (1ms)
			RebuildScriptCaches (53ms)
			SetupLoadedEditorAssemblies (567ms)
				LogAssemblyErrors (0ms)
				InitializePlatformSupportModulesInManaged (22ms)
				SetLoadedEditorAssemblies (0ms)
				RefreshPlugins (101ms)
				BeforeProcessingInitializeOnLoad (115ms)
				ProcessInitializeOnLoadAttributes (296ms)
				ProcessInitializeOnLoadMethodAttributes (22ms)
				AfterProcessingInitializeOnLoad (10ms)
				EditorAssembliesLoaded (0ms)
			ExecutionOrderSort2 (0ms)
			AwakeInstancesAfterBackupRestoration (14ms)
Platform modules already initialized, skipping
========================================================================
Worker process is ready to serve import requests
Launched and connected shader compiler UnityShaderCompiler.exe after 0.06 seconds
Refreshing native plugins compatible for Editor in 1.58 ms, found 6 plugins.
Preloading 0 native plugins for Editor in 0.00 ms.
Unloading 4193 Unused Serialized files (Serialized files now loaded: 0)
Unloading 45 unused Assets / (1.3 MB). Loaded Objects now: 4647.
Memory consumption went from 157.5 MB to 156.1 MB.
Total: 4.196500 ms (FindLiveObjects: 0.402400 ms CreateObjectMapping: 0.201100 ms MarkObjects: 3.247200 ms  DeleteObjects: 0.345100 ms)

AssetImportParameters requested are different than current active one (requested -> active):
  custom:video-decoder-ogg-theora: a1e56fd34408186e4bbccfd4996cb3dc -> 
  custom:container-muxer-webm: aa71ff27fc2769a1b78a27578f13a17b -> 
  custom:container-demuxer-webm: 4f35f7cbe854078d1ac9338744f61a02 -> 
  custom:video-encoder-webm-vp8: eb34c28f22e8b96e1ab97ce403110664 -> 
  custom:audio-encoder-webm-vorbis: bf7c407c2cedff20999df2af8eb42d56 -> 
  custom:framework-win-MediaFoundation: 216162199b28c13a410421893ffa2e32 -> 
  custom:container-demuxer-ogg: 62fdf1f143b41e24485cea50d1cbac27 -> 
  custom:video-decoder-webm-vp8: 9c59270c3fd7afecdb556c50c9e8de78 -> 
  custom:audio-decoder-ogg-vorbis: bf7c407c2cedff20999df2af8eb42d56 -> 
========================================================================
Received Import Request.
  Time since last request: 1187599.386157 seconds.
  path: Assets/Meshtint Free Chicken Mega Toon Series/PPP
  artifactKey: Guid(7f34ed0f35143d84784edda3c8805282) Importer(815301076,1909f56bfc062723c751e8b465ee728b)
Start importing Assets/Meshtint Free Chicken Mega Toon Series/PPP using Guid(7f34ed0f35143d84784edda3c8805282) Importer(815301076,1909f56bfc062723c751e8b465ee728b)  -> (artifact id: 'b07329302333e651adbcb54327ee2cc8') in 0.009270 seconds 
========================================================================
Received Import Request.
  Time since last request: 0.020741 seconds.
  path: Assets/Meshtint Free Chicken Mega Toon Series/PPP/Chicken.asset
  artifactKey: Guid(49a324a3a99f02844aadd9426055fee7) Importer(815301076,1909f56bfc062723c751e8b465ee728b)
Start importing Assets/Meshtint Free Chicken Mega Toon Series/PPP/Chicken.asset using Guid(49a324a3a99f02844aadd9426055fee7) Importer(815301076,1909f56bfc062723c751e8b465ee728b)  -> (artifact id: '6f11f3f54e8b988f90240aa67c16935b') in 0.045925 seconds 
========================================================================
Received Import Request.
  Time since last request: 8.716059 seconds.
  path: Assets/Meshtint Free Chicken Mega Toon Series/Prefabs
  artifactKey: Guid(ffc67ce76c3eadc4790087f804e23bb0) Importer(815301076,1909f56bfc062723c751e8b465ee728b)
Start importing Assets/Meshtint Free Chicken Mega Toon Series/Prefabs using Guid(ffc67ce76c3eadc4790087f804e23bb0) Importer(815301076,1909f56bfc062723c751e8b465ee728b)  -> (artifact id: '30ccab37d2a944edd612000e3a2e5255') in 0.002772 seconds 
========================================================================
Received Import Request.
  Time since last request: 0.050213 seconds.
  path: Assets/Meshtint Free Chicken Mega Toon Series/Prefabs/Grass.prefab
  artifactKey: Guid(10fd3a2d8f546df4f8af19c411a0f42e) Importer(815301076,1909f56bfc062723c751e8b465ee728b)
Start importing Assets/Meshtint Free Chicken Mega Toon Series/Prefabs/Grass.prefab using Guid(10fd3a2d8f546df4f8af19c411a0f42e) Importer(815301076,1909f56bfc062723c751e8b465ee728b)  -> (artifact id: '52cbf81b14a6cc58142415a14a6acf32') in 0.087834 seconds 
========================================================================
Received Import Request.
  Time since last request: 93.325815 seconds.
  path: Assets/Meshtint Free Chicken Mega Toon Series/Prefabs/Toon Chicken.prefab
  artifactKey: Guid(312b31977ed9b2d48a14849ebb8c7fb3) Importer(815301076,1909f56bfc062723c751e8b465ee728b)
Start importing Assets/Meshtint Free Chicken Mega Toon Series/Prefabs/Toon Chicken.prefab using Guid(312b31977ed9b2d48a14849ebb8c7fb3) Importer(815301076,1909f56bfc062723c751e8b465ee728b)  -> (artifact id: '228e88d7c1f396f13eb473a5e2a0a442') in 0.049135 seconds 
========================================================================
Received Import Request.
  Time since last request: 8.065310 seconds.
  path: Assets/Meshtint Free Chicken Mega Toon Series/Animations
  artifactKey: Guid(8c2ef4555e5b581498b55d86ec19dd60) Importer(815301076,1909f56bfc062723c751e8b465ee728b)
Start importing Assets/Meshtint Free Chicken Mega Toon Series/Animations using Guid(8c2ef4555e5b581498b55d86ec19dd60) Importer(815301076,1909f56bfc062723c751e8b465ee728b)  -> (artifact id: '0cec1eea513e6333f9489db57be5cbd4') in 0.002966 seconds 
========================================================================
Received Import Request.
  Time since last request: 2.779297 seconds.
  path: Assets/Meshtint Free Chicken Mega Toon Series/Animations/Rotate.controller
  artifactKey: Guid(b57efb323264fe54f8e2a6762c159f69) Importer(815301076,1909f56bfc062723c751e8b465ee728b)
Start importing Assets/Meshtint Free Chicken Mega Toon Series/Animations/Rotate.controller using Guid(b57efb323264fe54f8e2a6762c159f69) Importer(815301076,1909f56bfc062723c751e8b465ee728b)  -> (artifact id: 'f0e655677c1661998c8686e2083ec6b1') in 0.008256 seconds 
========================================================================
Received Import Request.
  Time since last request: 2.365668 seconds.
  path: Assets/Meshtint Free Chicken Mega Toon Series/Animations/Toon Chicken Demo.controller
  artifactKey: Guid(023bb6bfb37b5334f82b6b3ac607c538) Importer(815301076,1909f56bfc062723c751e8b465ee728b)
Start importing Assets/Meshtint Free Chicken Mega Toon Series/Animations/Toon Chicken Demo.controller using Guid(023bb6bfb37b5334f82b6b3ac607c538) Importer(815301076,1909f56bfc062723c751e8b465ee728b)  -> (artifact id: '269a51ef51ee5509a8ad57b6583f70cb') in 0.009201 seconds 
========================================================================
Received Import Request.
  Time since last request: 2.094950 seconds.
  path: Assets/Meshtint Free Chicken Mega Toon Series/Animations/Toon Chicken.controller
  artifactKey: Guid(84dd067921f4e0045bb3a9a6e8fb7789) Importer(815301076,1909f56bfc062723c751e8b465ee728b)
Start importing Assets/Meshtint Free Chicken Mega Toon Series/Animations/Toon Chicken.controller using Guid(84dd067921f4e0045bb3a9a6e8fb7789) Importer(815301076,1909f56bfc062723c751e8b465ee728b)  -> (artifact id: '322387cdc7e623cee3e461635b74abab') in 0.008822 seconds 
========================================================================
Received Import Request.
  Time since last request: 5.688747 seconds.
  path: Assets/Meshtint Free Chicken Mega Toon Series/Scenes
  artifactKey: Guid(77944d30d2ec5e646b28293a666cad28) Importer(815301076,1909f56bfc062723c751e8b465ee728b)
Start importing Assets/Meshtint Free Chicken Mega Toon Series/Scenes using Guid(77944d30d2ec5e646b28293a666cad28) Importer(815301076,1909f56bfc062723c751e8b465ee728b)  -> (artifact id: 'c41beb87f2a267bd84999a32939ded75') in 0.002811 seconds 
========================================================================
Received Import Request.
  Time since last request: 2.115756 seconds.
  path: Assets/Meshtint Free Chicken Mega Toon Series/Textures
  artifactKey: Guid(16d62db03ce8f3e45bfabaef18b7502c) Importer(815301076,1909f56bfc062723c751e8b465ee728b)
Start importing Assets/Meshtint Free Chicken Mega Toon Series/Textures using Guid(16d62db03ce8f3e45bfabaef18b7502c) Importer(815301076,1909f56bfc062723c751e8b465ee728b)  -> (artifact id: '831f2b11be72bb4af7110de9c579610b') in 0.002594 seconds 
========================================================================
Received Import Request.
  Time since last request: 0.051306 seconds.
  path: Assets/Meshtint Free Chicken Mega Toon Series/Textures/Mega Toon Chicken.psd
  artifactKey: Guid(62d99c54b7546394db933131ab5bfe62) Importer(815301076,1909f56bfc062723c751e8b465ee728b)
Start importing Assets/Meshtint Free Chicken Mega Toon Series/Textures/Mega Toon Chicken.psd using Guid(62d99c54b7546394db933131ab5bfe62) Importer(815301076,1909f56bfc062723c751e8b465ee728b)  -> (artifact id: '165a0fd0e6499d6ec4b3d4230a8e3d0a') in 0.026883 seconds 
========================================================================
Received Prepare
Registering precompiled user dll's ...
Registered in 0.011584 seconds.
Begin MonoManager ReloadAssembly
Symbol file LoadedFromMemory doesn't match image C:\Users\hshin9\Documents\GitHub\Rollaball\Rollaball\Library\PackageCache\com.unity.visualscripting@1.7.8\Editor\VisualScripting.Core\Dependencies\YamlDotNet\Unity.VisualScripting.YamlDotNet.dll
Symbol file LoadedFromMemory doesn't match image C:\Users\hshin9\Documents\GitHub\Rollaball\Rollaball\Library\PackageCache\com.unity.visualscripting@1.7.8\Editor\VisualScripting.Core\Dependencies\DotNetZip\Unity.VisualScripting.IonicZip.dll
Native extension for WindowsStandalone target not found
Native extension for iOS target not found
Native extension for Android target not found
Refreshing native plugins compatible for Editor in 0.97 ms, found 6 plugins.
Preloading 0 native plugins for Editor in 0.00 ms.
Mono: successfully reloaded assembly
- Completed reload, in  1.125 seconds
Domain Reload Profiling:
	ReloadAssembly (1126ms)
		BeginReloadAssembly (148ms)
			ExecutionOrderSort (0ms)
			DisableScriptedObjects (4ms)
			BackupInstance (0ms)
			ReleaseScriptingObjects (0ms)
			CreateAndSetChildDomain (46ms)
		EndReloadAssembly (880ms)
			LoadAssemblies (101ms)
			RebuildTransferFunctionScriptingTraits (0ms)
			SetupTypeCache (296ms)
			ReleaseScriptCaches (2ms)
			RebuildScriptCaches (39ms)
			SetupLoadedEditorAssemblies (391ms)
				LogAssemblyErrors (0ms)
				InitializePlatformSupportModulesInManaged (31ms)
				SetLoadedEditorAssemblies (0ms)
				RefreshPlugins (1ms)
				BeforeProcessingInitializeOnLoad (80ms)
				ProcessInitializeOnLoadAttributes (241ms)
				ProcessInitializeOnLoadMethodAttributes (26ms)
				AfterProcessingInitializeOnLoad (11ms)
				EditorAssembliesLoaded (0ms)
			ExecutionOrderSort2 (0ms)
			AwakeInstancesAfterBackupRestoration (14ms)
Platform modules already initialized, skipping
Refreshing native plugins compatible for Editor in 3.54 ms, found 6 plugins.
Preloading 0 native plugins for Editor in 0.00 ms.
Unloading 4128 Unused Serialized files (Serialized files now loaded: 0)
Unloading 35 unused Assets / (1.3 MB). Loaded Objects now: 4661.
Memory consumption went from 169.0 MB to 167.7 MB.
Total: 3.953000 ms (FindLiveObjects: 0.368700 ms CreateObjectMapping: 0.181200 ms MarkObjects: 3.092200 ms  DeleteObjects: 0.309300 ms)

AssetImportParameters requested are different than current active one (requested -> active):
  custom:video-decoder-ogg-theora: a1e56fd34408186e4bbccfd4996cb3dc -> 
  custom:container-muxer-webm: aa71ff27fc2769a1b78a27578f13a17b -> 
  custom:container-demuxer-webm: 4f35f7cbe854078d1ac9338744f61a02 -> 
  custom:video-encoder-webm-vp8: eb34c28f22e8b96e1ab97ce403110664 -> 
  custom:audio-encoder-webm-vorbis: bf7c407c2cedff20999df2af8eb42d56 -> 
  custom:framework-win-MediaFoundation: 216162199b28c13a410421893ffa2e32 -> 
  custom:container-demuxer-ogg: 62fdf1f143b41e24485cea50d1cbac27 -> 
  custom:video-decoder-webm-vp8: 9c59270c3fd7afecdb556c50c9e8de78 -> 
  custom:audio-decoder-ogg-vorbis: bf7c407c2cedff20999df2af8eb42d56 -> 
========================================================================
Received Prepare
Refreshing native plugins compatible for Editor in 10.91 ms, found 6 plugins.
Preloading 0 native plugins for Editor in 0.00 ms.
Unloading 35 Unused Serialized files (Serialized files now loaded: 0)
Unloading 35 unused Assets / (1.3 MB). Loaded Objects now: 4661.
Memory consumption went from 87.1 MB to 85.8 MB.
Total: 6.360200 ms (FindLiveObjects: 0.365200 ms CreateObjectMapping: 0.164800 ms MarkObjects: 5.535100 ms  DeleteObjects: 0.294400 ms)

AssetImportParameters requested are different than current active one (requested -> active):
  custom:video-decoder-ogg-theora: a1e56fd34408186e4bbccfd4996cb3dc -> 
  custom:container-muxer-webm: aa71ff27fc2769a1b78a27578f13a17b -> 
  custom:container-demuxer-webm: 4f35f7cbe854078d1ac9338744f61a02 -> 
  custom:video-encoder-webm-vp8: eb34c28f22e8b96e1ab97ce403110664 -> 
  custom:audio-encoder-webm-vorbis: bf7c407c2cedff20999df2af8eb42d56 -> 
  custom:framework-win-MediaFoundation: 216162199b28c13a410421893ffa2e32 -> 
  custom:container-demuxer-ogg: 62fdf1f143b41e24485cea50d1cbac27 -> 
  custom:video-decoder-webm-vp8: 9c59270c3fd7afecdb556c50c9e8de78 -> 
  custom:audio-decoder-ogg-vorbis: bf7c407c2cedff20999df2af8eb42d56 -> 
